Build started 2016/10/30 11:23:40.
     1>Project "C:\Users\L\Documents\GitHub\DirectXFramework\FrameWork\FrameWork.vcxproj" on node 2 (Rebuild target(s)).
     1>C:\Program Files (x86)\MSBuild\Microsoft.Cpp\v4.0\V120\Microsoft.CppClean.targets(76,5): warning : The process cannot access the file 'c:\users\l\documents\github\directxframework\framework\debug\vc120.idb' because it is being used by another process.
     1>ClCompile:
         C:\Program Files (x86)\Microsoft Visual Studio 12.0\VC\bin\CL.exe /c /I"C:\Program Files (x86)\Microsoft DirectX SDK (June 2010)\Include" /ZI /nologo /W3 /WX- /sdl /Od /Oy- /D _CRT_SECURE_NO_WARNINGS /D _UNICODE /D UNICODE /Gm /EHsc /RTC1 /MDd /GS /fp:precise /Zc:wchar_t /Zc:forScope /Fo"Debug\\" /Fd"Debug\vc120.pdb" /Gd /TP /analyze- /errorReport:prompt Animation.cpp BaseObject.cpp CastlevaniaGame.cpp DeviceManager.cpp Event.cpp Game.cpp GameTime.cpp Graphics.cpp InputController.cpp main.cpp Simon.cpp Sprite.cpp SpriteManager.cpp Surface.cpp Texture.cpp TimeSpan.cpp Transformable.cpp Viewport.cpp
         Viewport.cpp
         c:\program files (x86)\microsoft directx sdk (june 2010)\include\dinput.h: DIRECTINPUT_VERSION undefined. Defaulting to version 0x0800
     1>c:\users\l\documents\github\directxframework\framework\viewport.cpp(83): warning C4244: '=' : conversion from 'FLOAT' to 'LONG', possible loss of data
     1>c:\users\l\documents\github\directxframework\framework\viewport.cpp(84): warning C4244: '=' : conversion from 'FLOAT' to 'LONG', possible loss of data
     1>c:\users\l\documents\github\directxframework\framework\viewport.cpp(85): warning C4244: '=' : conversion from 'float' to 'LONG', possible loss of data
     1>c:\users\l\documents\github\directxframework\framework\viewport.cpp(86): warning C4244: '=' : conversion from 'float' to 'LONG', possible loss of data
         Transformable.cpp
         c:\program files (x86)\microsoft directx sdk (june 2010)\include\dinput.h: DIRECTINPUT_VERSION undefined. Defaulting to version 0x0800
         TimeSpan.cpp
         c:\program files (x86)\microsoft directx sdk (june 2010)\include\dinput.h: DIRECTINPUT_VERSION undefined. Defaulting to version 0x0800
         Texture.cpp
         c:\program files (x86)\microsoft directx sdk (june 2010)\include\dinput.h: DIRECTINPUT_VERSION undefined. Defaulting to version 0x0800
     1>c:\users\l\documents\github\directxframework\framework\texture.cpp(73): warning C4244: 'argument' : conversion from 'int' to 'FLOAT', possible loss of data
         Surface.cpp
         c:\program files (x86)\microsoft directx sdk (june 2010)\include\dinput.h: DIRECTINPUT_VERSION undefined. Defaulting to version 0x0800
         SpriteManager.cpp
         c:\program files (x86)\microsoft directx sdk (june 2010)\include\dinput.h: DIRECTINPUT_VERSION undefined. Defaulting to version 0x0800
         Sprite.cpp
         c:\program files (x86)\microsoft directx sdk (june 2010)\include\dinput.h: DIRECTINPUT_VERSION undefined. Defaulting to version 0x0800
     1>c:\users\l\documents\github\directxframework\framework\sprite.cpp(60): warning C4244: 'argument' : conversion from 'int' to 'FLOAT', possible loss of data
     1>c:\users\l\documents\github\directxframework\framework\sprite.cpp(225): warning C4244: '=' : conversion from 'float' to 'LONG', possible loss of data
     1>c:\users\l\documents\github\directxframework\framework\sprite.cpp(226): warning C4244: '=' : conversion from 'float' to 'LONG', possible loss of data
     1>c:\users\l\documents\github\directxframework\framework\sprite.cpp(227): warning C4244: '=' : conversion from 'float' to 'LONG', possible loss of data
     1>c:\users\l\documents\github\directxframework\framework\sprite.cpp(228): warning C4244: '=' : conversion from 'float' to 'LONG', possible loss of data
     1>c:\users\l\documents\github\directxframework\framework\sprite.cpp(238): warning C4244: '=' : conversion from 'float' to 'LONG', possible loss of data
     1>c:\users\l\documents\github\directxframework\framework\sprite.cpp(239): warning C4244: '=' : conversion from 'float' to 'LONG', possible loss of data
     1>c:\users\l\documents\github\directxframework\framework\sprite.cpp(240): warning C4244: '=' : conversion from 'float' to 'LONG', possible loss of data
     1>c:\users\l\documents\github\directxframework\framework\sprite.cpp(241): warning C4244: '=' : conversion from 'float' to 'LONG', possible loss of data
     1>c:\users\l\documents\github\directxframework\framework\sprite.cpp(292): warning C4244: 'return' : conversion from 'float' to 'int', possible loss of data
     1>c:\users\l\documents\github\directxframework\framework\sprite.cpp(300): warning C4244: 'return' : conversion from 'float' to 'int', possible loss of data
     1>c:\users\l\documents\github\directxframework\framework\sprite.cpp(370): warning C4244: '=' : conversion from 'int' to 'FLOAT', possible loss of data
     1>c:\users\l\documents\github\directxframework\framework\sprite.cpp(371): warning C4244: '=' : conversion from 'int' to 'FLOAT', possible loss of data
     1>c:\users\l\documents\github\directxframework\framework\sprite.cpp(383): warning C4244: '=' : conversion from 'FLOAT' to 'LONG', possible loss of data
     1>c:\users\l\documents\github\directxframework\framework\sprite.cpp(388): warning C4244: '=' : conversion from 'FLOAT' to 'LONG', possible loss of data
     1>c:\users\l\documents\github\directxframework\framework\sprite.cpp(389): warning C4244: '=' : conversion from 'float' to 'LONG', possible loss of data
     1>c:\users\l\documents\github\directxframework\framework\sprite.cpp(390): warning C4244: '=' : conversion from 'float' to 'LONG', possible loss of data
     1>c:\users\l\documents\github\directxframework\framework\sprite.cpp(393): warning C4244: 'argument' : conversion from 'LONG' to 'FLOAT', possible loss of data
     1>c:\users\l\documents\github\directxframework\framework\sprite.cpp(394): warning C4244: 'argument' : conversion from 'LONG' to 'FLOAT', possible loss of data
     1>c:\users\l\documents\github\directxframework\framework\sprite.cpp(395): warning C4244: 'argument' : conversion from 'LONG' to 'FLOAT', possible loss of data
     1>c:\users\l\documents\github\directxframework\framework\sprite.cpp(396): warning C4244: 'argument' : conversion from 'LONG' to 'FLOAT', possible loss of data
     1>c:\users\l\documents\github\directxframework\framework\sprite.cpp(406): warning C4244: '=' : conversion from 'FLOAT' to 'LONG', possible loss of data
     1>c:\users\l\documents\github\directxframework\framework\sprite.cpp(407): warning C4244: '=' : conversion from 'FLOAT' to 'LONG', possible loss of data
     1>c:\users\l\documents\github\directxframework\framework\sprite.cpp(408): warning C4244: '=' : conversion from 'FLOAT' to 'LONG', possible loss of data
     1>c:\users\l\documents\github\directxframework\framework\sprite.cpp(409): warning C4244: '=' : conversion from 'FLOAT' to 'LONG', possible loss of data
     1>c:\users\l\documents\github\directxframework\framework\sprite.cpp(425): warning C4244: 'initializing' : conversion from 'double' to 'float', possible loss of data
         Simon.cpp
         c:\program files (x86)\microsoft directx sdk (june 2010)\include\dinput.h: DIRECTINPUT_VERSION undefined. Defaulting to version 0x0800
         main.cpp
         c:\program files (x86)\microsoft directx sdk (june 2010)\include\dinput.h: DIRECTINPUT_VERSION undefined. Defaulting to version 0x0800
         InputController.cpp
         c:\program files (x86)\microsoft directx sdk (june 2010)\include\dinput.h: DIRECTINPUT_VERSION undefined. Defaulting to version 0x0800
         Graphics.cpp
         c:\program files (x86)\microsoft directx sdk (june 2010)\include\dinput.h: DIRECTINPUT_VERSION undefined. Defaulting to version 0x0800
         GameTime.cpp
         c:\program files (x86)\microsoft directx sdk (june 2010)\include\dinput.h: DIRECTINPUT_VERSION undefined. Defaulting to version 0x0800
     1>c:\users\l\documents\github\directxframework\framework\gametime.cpp(87): warning C4244: 'argument' : conversion from 'float' to 'UINT64', possible loss of data
         Game.cpp
         c:\program files (x86)\microsoft directx sdk (june 2010)\include\dinput.h: DIRECTINPUT_VERSION undefined. Defaulting to version 0x0800
     1>c:\users\l\documents\github\directxframework\framework\game.cpp(35): warning C4244: 'argument' : conversion from 'int' to 'float', possible loss of data
     1>c:\users\l\documents\github\directxframework\framework\game.cpp(89): warning C4244: 'argument' : conversion from 'float' to 'DWORD', possible loss of data
         Event.cpp
         c:\program files (x86)\microsoft directx sdk (june 2010)\include\dinput.h: DIRECTINPUT_VERSION undefined. Defaulting to version 0x0800
         DeviceManager.cpp
         c:\program files (x86)\microsoft directx sdk (june 2010)\include\dinput.h: DIRECTINPUT_VERSION undefined. Defaulting to version 0x0800
         CastlevaniaGame.cpp
         c:\program files (x86)\microsoft directx sdk (june 2010)\include\dinput.h: DIRECTINPUT_VERSION undefined. Defaulting to version 0x0800
         BaseObject.cpp
         c:\program files (x86)\microsoft directx sdk (june 2010)\include\dinput.h: DIRECTINPUT_VERSION undefined. Defaulting to version 0x0800
         Animation.cpp
         c:\program files (x86)\microsoft directx sdk (june 2010)\include\dinput.h: DIRECTINPUT_VERSION undefined. Defaulting to version 0x0800
     1>c:\users\l\documents\github\directxframework\framework\animation.cpp(50): warning C4244: 'argument' : conversion from 'int' to 'float', possible loss of data
     1>c:\users\l\documents\github\directxframework\framework\animation.cpp(176): warning C4244: '=' : conversion from 'float' to 'LONG', possible loss of data
     1>c:\users\l\documents\github\directxframework\framework\animation.cpp(177): warning C4244: '=' : conversion from 'float' to 'LONG', possible loss of data
     1>c:\users\l\documents\github\directxframework\framework\animation.cpp(178): warning C4244: '=' : conversion from 'float' to 'LONG', possible loss of data
     1>c:\users\l\documents\github\directxframework\framework\animation.cpp(179): warning C4244: '=' : conversion from 'float' to 'LONG', possible loss of data
     1>c:\users\l\documents\github\directxframework\framework\animation.cpp(186): warning C4244: '=' : conversion from 'float' to 'LONG', possible loss of data
     1>c:\users\l\documents\github\directxframework\framework\animation.cpp(187): warning C4244: '=' : conversion from 'float' to 'LONG', possible loss of data
     1>c:\users\l\documents\github\directxframework\framework\animation.cpp(188): warning C4244: '=' : conversion from 'float' to 'LONG', possible loss of data
     1>c:\users\l\documents\github\directxframework\framework\animation.cpp(189): warning C4244: '=' : conversion from 'float' to 'LONG', possible loss of data
         Generating Code...
     1>c:\users\l\documents\github\directxframework\framework\graphics.cpp(82): warning C4715: 'FrameWork::Graphics::winProc' : not all control paths return a value
       Link:
         C:\Program Files (x86)\Microsoft Visual Studio 12.0\VC\bin\link.exe /ERRORREPORT:PROMPT /OUT:"C:\Users\L\Documents\GitHub\DirectXFramework\Debug\FrameWork.exe" /INCREMENTAL /NOLOGO d3d9.lib d3dx9.lib dinput8.lib dxguid.lib dsound.lib kernel32.lib user32.lib gdi32.lib winspool.lib comdlg32.lib advapi32.lib shell32.lib ole32.lib oleaut32.lib uuid.lib odbc32.lib odbccp32.lib /MANIFEST /MANIFESTUAC:"level='asInvoker' uiAccess='false'" /manifest:embed /DEBUG /PDB:"C:\Users\L\Documents\GitHub\DirectXFramework\Debug\FrameWork.pdb" /TLBID:1 /DYNAMICBASE /NXCOMPAT /IMPLIB:"C:\Users\L\Documents\GitHub\DirectXFramework\Debug\FrameWork.lib" /MACHINE:X86 Debug\Animation.obj
         Debug\BaseObject.obj
         Debug\CastlevaniaGame.obj
         Debug\DeviceManager.obj
         Debug\Event.obj
         Debug\Game.obj
         Debug\GameTime.obj
         Debug\Graphics.obj
         Debug\InputController.obj
         Debug\main.obj
         Debug\Simon.obj
         Debug\Sprite.obj
         Debug\SpriteManager.obj
         Debug\Surface.obj
         Debug\Texture.obj
         Debug\TimeSpan.obj
         Debug\Transformable.obj
         Debug\Viewport.obj
         FrameWork.vcxproj -> C:\Users\L\Documents\GitHub\DirectXFramework\Debug\FrameWork.exe
     1>Done Building Project "C:\Users\L\Documents\GitHub\DirectXFramework\FrameWork\FrameWork.vcxproj" (Rebuild target(s)).

Build succeeded.

Time Elapsed 00:00:11.69
